# JRE version: Java(TM) SE Runtime Environment (8.0_31-b13) (build 1.8.0_31-b13)
# Java VM: Java HotSpot(TM) 64-Bit Server VM (25.31-b07 mixed mode windows-amd64 compressed oops)
Heap:
 PSYoungGen      total 135680K, used 27985K [0x000000076b100000, 0x0000000778a80000, 0x00000007c0000000)
  eden space 124928K, 13% used [0x000000076b100000,0x000000076c1d5670,0x0000000772b00000)
  from space 10752K, 99% used [0x0000000772b00000,0x000000077357ee38,0x0000000773580000)
  to   space 13824K, 0% used [0x0000000777d00000,0x0000000777d00000,0x0000000778a80000)
 ParOldGen       total 85504K, used 6546K [0x00000006c1200000, 0x00000006c6580000, 0x000000076b100000)
  object space 85504K, 7% used [0x00000006c1200000,0x00000006c1864b70,0x00000006c6580000)
 Metaspace       used 31501K, capacity 31822K, committed 32256K, reserved 1077248K
  class space    used 3908K, capacity 3984K, committed 4096K, reserved 1048576K
GC Heap History (10 events):
Event: 2.251 GC heap before
{Heap before GC invocations=2 (full 0):
 PSYoungGen      total 76288K, used 74856K [0x000000076b100000, 0x0000000770600000, 0x00000007c0000000)
  eden space 65536K, 100% used [0x000000076b100000,0x000000076f100000,0x000000076f100000)
  from space 10752K, 86% used [0x000000076f100000,0x000000076fa1a380,0x000000076fb80000)
  to   space 10752K, 0% used [0x000000076fb80000,0x000000076fb80000,0x0000000770600000)
 ParOldGen       total 175104K, used 16K [0x00000006c1200000, 0x00000006cbd00000, 0x000000076b100000)
  object space 175104K, 0% used [0x00000006c1200000,0x00000006c1204000,0x00000006cbd00000)
 Metaspace       used 19934K, capacity 20156K, committed 20480K, reserved 1067008K
  class space    used 2467K, capacity 2525K, committed 2560K, reserved 1048576K
Event: 2.260 GC heap after
Heap after GC invocations=2 (full 0):
 PSYoungGen      total 76288K, used 9553K [0x000000076b100000, 0x0000000770600000, 0x00000007c0000000)
  eden space 65536K, 0% used [0x000000076b100000,0x000000076b100000,0x000000076f100000)
  from space 10752K, 88% used [0x000000076fb80000,0x00000007704d4590,0x0000000770600000)
  to   space 10752K, 0% used [0x000000076f100000,0x000000076f100000,0x000000076fb80000)
 ParOldGen       total 175104K, used 96K [0x00000006c1200000, 0x00000006cbd00000, 0x000000076b100000)
  object space 175104K, 0% used [0x00000006c1200000,0x00000006c1218010,0x00000006cbd00000)
 Metaspace       used 19934K, capacity 20156K, committed 20480K, reserved 1067008K
  class space    used 2467K, capacity 2525K, committed 2560K, reserved 1048576K
}
Event: 2.329 GC heap before
{Heap before GC invocations=3 (full 0):
 PSYoungGen      total 76288K, used 15694K [0x000000076b100000, 0x0000000770600000, 0x00000007c0000000)
  eden space 65536K, 9% used [0x000000076b100000,0x000000076b6ff428,0x000000076f100000)
  from space 10752K, 88% used [0x000000076fb80000,0x00000007704d4590,0x0000000770600000)
  to   space 10752K, 0% used [0x000000076f100000,0x000000076f100000,0x000000076fb80000)
 ParOldGen       total 175104K, used 96K [0x00000006c1200000, 0x00000006cbd00000, 0x000000076b100000)
  object space 175104K, 0% used [0x00000006c1200000,0x00000006c1218010,0x00000006cbd00000)
 Metaspace       used 20882K, capacity 21104K, committed 21296K, reserved 1069056K
  class space    used 2562K, capacity 2615K, committed 2688K, reserved 1048576K
Event: 2.343 GC heap after
Heap after GC invocations=3 (full 0):
 PSYoungGen      total 76288K, used 5618K [0x000000076b100000, 0x0000000774600000, 0x00000007c0000000)
  eden space 65536K, 0% used [0x000000076b100000,0x000000076b100000,0x000000076f100000)
  from space 10752K, 52% used [0x000000076f100000,0x000000076f67c9d8,0x000000076fb80000)
  to   space 10752K, 0% used [0x0000000773b80000,0x0000000773b80000,0x0000000774600000)
 ParOldGen       total 175104K, used 104K [0x00000006c1200000, 0x00000006cbd00000, 0x000000076b100000)
  object space 175104K, 0% used [0x00000006c1200000,0x00000006c121a010,0x00000006cbd00000)
 Metaspace       used 20882K, capacity 21104K, committed 21296K, reserved 1069056K
  class space    used 2562K, capacity 2615K, committed 2688K, reserved 1048576K
}
Event: 2.343 GC heap before
{Heap before GC invocations=4 (full 1):
 PSYoungGen      total 76288K, used 5618K [0x000000076b100000, 0x0000000774600000, 0x00000007c0000000)
  eden space 65536K, 0% used [0x000000076b100000,0x000000076b100000,0x000000076f100000)
  from space 10752K, 52% used [0x000000076f100000,0x000000076f67c9d8,0x000000076fb80000)
  to   space 10752K, 0% used [0x0000000773b80000,0x0000000773b80000,0x0000000774600000)
 ParOldGen       total 175104K, used 104K [0x00000006c1200000, 0x00000006cbd00000, 0x000000076b100000)
  object space 175104K, 0% used [0x00000006c1200000,0x00000006c121a010,0x00000006cbd00000)
 Metaspace       used 20882K, capacity 21104K, committed 21296K, reserved 1069056K
  class space    used 2562K, capacity 2615K, committed 2688K, reserved 1048576K
Event: 2.376 GC heap after
Heap after GC invocations=4 (full 1):
 PSYoungGen      total 76288K, used 0K [0x000000076b100000, 0x0000000774600000, 0x00000007c0000000)
  eden space 65536K, 0% used [0x000000076b100000,0x000000076b100000,0x000000076f100000)
  from space 10752K, 0% used [0x000000076f100000,0x000000076f100000,0x000000076fb80000)
  to   space 10752K, 0% used [0x0000000773b80000,0x0000000773b80000,0x0000000774600000)
 ParOldGen       total 85504K, used 5630K [0x00000006c1200000, 0x00000006c6580000, 0x000000076b100000)
  object space 85504K, 6% used [0x00000006c1200000,0x00000006c177f978,0x00000006c6580000)
 Metaspace       used 20881K, capacity 21102K, committed 21296K, reserved 1069056K
  class space    used 2562K, capacity 2614K, committed 2688K, reserved 1048576K
}
Event: 3.128 GC heap before
{Heap before GC invocations=5 (full 1):
 PSYoungGen      total 76288K, used 65536K [0x000000076b100000, 0x0000000774600000, 0x00000007c0000000)
  eden space 65536K, 100% used [0x000000076b100000,0x000000076f100000,0x000000076f100000)
  from space 10752K, 0% used [0x000000076f100000,0x000000076f100000,0x000000076fb80000)
  to   space 10752K, 0% used [0x0000000773b80000,0x0000000773b80000,0x0000000774600000)
 ParOldGen       total 85504K, used 5630K [0x00000006c1200000, 0x00000006c6580000, 0x000000076b100000)
  object space 85504K, 6% used [0x00000006c1200000,0x00000006c177f978,0x00000006c6580000)
 Metaspace       used 23243K, capacity 23498K, committed 23680K, reserved 1071104K
  class space    used 2830K, capacity 2874K, committed 2944K, reserved 1048576K
Event: 3.134 GC heap after
Heap after GC invocations=5 (full 1):
 PSYoungGen      total 119296K, used 4383K [0x000000076b100000, 0x0000000774000000, 0x00000007c0000000)
  eden space 114688K, 0% used [0x000000076b100000,0x000000076b100000,0x0000000772100000)
  from space 4608K, 95% used [0x0000000773b80000,0x0000000773fc7c88,0x0000000774000000)
  to   space 10752K, 0% used [0x0000000772b00000,0x0000000772b00000,0x0000000773580000)
 ParOldGen       total 85504K, used 5638K [0x00000006c1200000, 0x00000006c6580000, 0x000000076b100000)
  object space 85504K, 6% used [0x00000006c1200000,0x00000006c1781978,0x00000006c6580000)
 Metaspace       used 23243K, capacity 23498K, committed 23680K, reserved 1071104K
  class space    used 2830K, capacity 2874K, committed 2944K, reserved 1048576K
}
Event: 5.407 GC heap before
{Heap before GC invocations=6 (full 1):
 PSYoungGen      total 119296K, used 119071K [0x000000076b100000, 0x0000000774000000, 0x00000007c0000000)
  eden space 114688K, 100% used [0x000000076b100000,0x0000000772100000,0x0000000772100000)
  from space 4608K, 95% used [0x0000000773b80000,0x0000000773fc7c88,0x0000000774000000)
  to   space 10752K, 0% used [0x0000000772b00000,0x0000000772b00000,0x0000000773580000)
 ParOldGen       total 85504K, used 5638K [0x00000006c1200000, 0x00000006c6580000, 0x000000076b100000)
  object space 85504K, 6% used [0x00000006c1200000,0x00000006c1781978,0x00000006c6580000)
 Metaspace       used 30822K, capacity 31214K, committed 31616K, reserved 1077248K
  class space    used 3817K, capacity 3888K, committed 3968K, reserved 1048576K
Event: 5.422 GC heap after
Heap after GC invocations=6 (full 1):
 PSYoungGen      total 135680K, used 10747K [0x000000076b100000, 0x0000000778a80000, 0x00000007c0000000)
  eden space 124928K, 0% used [0x000000076b100000,0x000000076b100000,0x0000000772b00000)
  from space 10752K, 99% used [0x0000000772b00000,0x000000077357ee38,0x0000000773580000)
  to   space 13824K, 0% used [0x0000000777d00000,0x0000000777d00000,0x0000000778a80000)
 ParOldGen       total 85504K, used 6546K [0x00000006c1200000, 0x00000006c6580000, 0x000000076b100000)
  object space 85504K, 7% used [0x00000006c1200000,0x00000006c1864b70,0x00000006c6580000)
 Metaspace       used 30822K, capacity 31214K, committed 31616K, reserved 1077248K
  class space    used 3817K, capacity 3888K, committed 3968K, reserved 1048576K
}

