# JRE version: Java(TM) SE Runtime Environment (8.0_31-b13) (build 1.8.0_31-b13)
# Java VM: Java HotSpot(TM) 64-Bit Server VM (25.31-b07 mixed mode windows-amd64 compressed oops)
Heap:
 PSYoungGen      total 138752K, used 6425K [0x000000076b100000, 0x0000000779080000, 0x00000007c0000000)
  eden space 124928K, 5% used [0x000000076b100000,0x000000076b746728,0x0000000772b00000)
  from space 13824K, 0% used [0x0000000778300000,0x0000000778300000,0x0000000779080000)
  to   space 10752K, 0% used [0x0000000772b00000,0x0000000772b00000,0x0000000773580000)
 ParOldGen       total 83968K, used 19255K [0x00000006c1200000, 0x00000006c6400000, 0x000000076b100000)
  object space 83968K, 22% used [0x00000006c1200000,0x00000006c24cde68,0x00000006c6400000)
 Metaspace       used 35055K, capacity 35436K, committed 35712K, reserved 1081344K
  class space    used 4318K, capacity 4401K, committed 4480K, reserved 1048576K
GC Heap History (10 events):
Event: 1.904 GC heap before
{Heap before GC invocations=4 (full 1):
 PSYoungGen      total 76288K, used 5630K [0x000000076b100000, 0x0000000774600000, 0x00000007c0000000)
  eden space 65536K, 0% used [0x000000076b100000,0x000000076b100000,0x000000076f100000)
  from space 10752K, 52% used [0x000000076f100000,0x000000076f67f978,0x000000076fb80000)
  to   space 10752K, 0% used [0x0000000773b80000,0x0000000773b80000,0x0000000774600000)
 ParOldGen       total 175104K, used 104K [0x00000006c1200000, 0x00000006cbd00000, 0x000000076b100000)
  object space 175104K, 0% used [0x00000006c1200000,0x00000006c121a010,0x00000006cbd00000)
 Metaspace       used 20844K, capacity 21044K, committed 21296K, reserved 1069056K
  class space    used 2540K, capacity 2589K, committed 2688K, reserved 1048576K
Event: 1.933 GC heap after
Heap after GC invocations=4 (full 1):
 PSYoungGen      total 76288K, used 0K [0x000000076b100000, 0x0000000774600000, 0x00000007c0000000)
  eden space 65536K, 0% used [0x000000076b100000,0x000000076b100000,0x000000076f100000)
  from space 10752K, 0% used [0x000000076f100000,0x000000076f100000,0x000000076fb80000)
  to   space 10752K, 0% used [0x0000000773b80000,0x0000000773b80000,0x0000000774600000)
 ParOldGen       total 83968K, used 5586K [0x00000006c1200000, 0x00000006c6400000, 0x000000076b100000)
  object space 83968K, 6% used [0x00000006c1200000,0x00000006c1774880,0x00000006c6400000)
 Metaspace       used 20844K, capacity 21044K, committed 21296K, reserved 1069056K
  class space    used 2540K, capacity 2589K, committed 2688K, reserved 1048576K
}
Event: 2.453 GC heap before
{Heap before GC invocations=5 (full 1):
 PSYoungGen      total 76288K, used 65536K [0x000000076b100000, 0x0000000774600000, 0x00000007c0000000)
  eden space 65536K, 100% used [0x000000076b100000,0x000000076f100000,0x000000076f100000)
  from space 10752K, 0% used [0x000000076f100000,0x000000076f100000,0x000000076fb80000)
  to   space 10752K, 0% used [0x0000000773b80000,0x0000000773b80000,0x0000000774600000)
 ParOldGen       total 83968K, used 5586K [0x00000006c1200000, 0x00000006c6400000, 0x000000076b100000)
  object space 83968K, 6% used [0x00000006c1200000,0x00000006c1774880,0x00000006c6400000)
 Metaspace       used 23319K, capacity 23620K, committed 23936K, reserved 1071104K
  class space    used 2830K, capacity 2875K, committed 2944K, reserved 1048576K
Event: 2.458 GC heap after
Heap after GC invocations=5 (full 1):
 PSYoungGen      total 120832K, used 4440K [0x000000076b100000, 0x0000000774000000, 0x00000007c0000000)
  eden space 116224K, 0% used [0x000000076b100000,0x000000076b100000,0x0000000772280000)
  from space 4608K, 96% used [0x0000000773b80000,0x0000000773fd6380,0x0000000774000000)
  to   space 10752K, 0% used [0x0000000772b00000,0x0000000772b00000,0x0000000773580000)
 ParOldGen       total 83968K, used 5594K [0x00000006c1200000, 0x00000006c6400000, 0x000000076b100000)
  object space 83968K, 6% used [0x00000006c1200000,0x00000006c1776880,0x00000006c6400000)
 Metaspace       used 23319K, capacity 23620K, committed 23936K, reserved 1071104K
  class space    used 2830K, capacity 2875K, committed 2944K, reserved 1048576K
}
Event: 3.580 GC heap before
{Heap before GC invocations=6 (full 1):
 PSYoungGen      total 120832K, used 120664K [0x000000076b100000, 0x0000000774000000, 0x00000007c0000000)
  eden space 116224K, 100% used [0x000000076b100000,0x0000000772280000,0x0000000772280000)
  from space 4608K, 96% used [0x0000000773b80000,0x0000000773fd6380,0x0000000774000000)
  to   space 10752K, 0% used [0x0000000772b00000,0x0000000772b00000,0x0000000773580000)
 ParOldGen       total 83968K, used 5594K [0x00000006c1200000, 0x00000006c6400000, 0x000000076b100000)
  object space 83968K, 6% used [0x00000006c1200000,0x00000006c1776880,0x00000006c6400000)
 Metaspace       used 31055K, capacity 31432K, committed 31872K, reserved 1077248K
  class space    used 3843K, capacity 3921K, committed 3968K, reserved 1048576K
Event: 3.589 GC heap after
Heap after GC invocations=6 (full 1):
 PSYoungGen      total 135680K, used 10750K [0x000000076b100000, 0x0000000779080000, 0x00000007c0000000)
  eden space 124928K, 0% used [0x000000076b100000,0x000000076b100000,0x0000000772b00000)
  from space 10752K, 99% used [0x0000000772b00000,0x000000077357fb90,0x0000000773580000)
  to   space 13824K, 0% used [0x0000000778300000,0x0000000778300000,0x0000000779080000)
 ParOldGen       total 83968K, used 6823K [0x00000006c1200000, 0x00000006c6400000, 0x000000076b100000)
  object space 83968K, 8% used [0x00000006c1200000,0x00000006c18a9f30,0x00000006c6400000)
 Metaspace       used 31055K, capacity 31432K, committed 31872K, reserved 1077248K
  class space    used 3843K, capacity 3921K, committed 3968K, reserved 1048576K
}
Event: 4.468 GC heap before
{Heap before GC invocations=7 (full 1):
 PSYoungGen      total 135680K, used 87077K [0x000000076b100000, 0x0000000779080000, 0x00000007c0000000)
  eden space 124928K, 61% used [0x000000076b100000,0x000000076fb89b90,0x0000000772b00000)
  from space 10752K, 99% used [0x0000000772b00000,0x000000077357fb90,0x0000000773580000)
  to   space 13824K, 0% used [0x0000000778300000,0x0000000778300000,0x0000000779080000)
 ParOldGen       total 83968K, used 6823K [0x00000006c1200000, 0x00000006c6400000, 0x000000076b100000)
  object space 83968K, 8% used [0x00000006c1200000,0x00000006c18a9f30,0x00000006c6400000)
 Metaspace       used 34809K, capacity 35144K, committed 35456K, reserved 1081344K
  class space    used 4289K, capacity 4369K, committed 4480K, reserved 1048576K
Event: 4.480 GC heap after
Heap after GC invocations=7 (full 1):
 PSYoungGen      total 138752K, used 13803K [0x000000076b100000, 0x0000000779080000, 0x00000007c0000000)
  eden space 124928K, 0% used [0x000000076b100000,0x000000076b100000,0x0000000772b00000)
  from space 13824K, 99% used [0x0000000778300000,0x000000077907ad60,0x0000000779080000)
  to   space 10752K, 0% used [0x0000000772b00000,0x0000000772b00000,0x0000000773580000)
 ParOldGen       total 83968K, used 7440K [0x00000006c1200000, 0x00000006c6400000, 0x000000076b100000)
  object space 83968K, 8% used [0x00000006c1200000,0x00000006c1944098,0x00000006c6400000)
 Metaspace       used 34809K, capacity 35144K, committed 35456K, reserved 1081344K
  class space    used 4289K, capacity 4369K, committed 4480K, reserved 1048576K
}
Event: 4.480 GC heap before
{Heap before GC invocations=8 (full 2):
 PSYoungGen      total 138752K, used 13803K [0x000000076b100000, 0x0000000779080000, 0x00000007c0000000)
  eden space 124928K, 0% used [0x000000076b100000,0x000000076b100000,0x0000000772b00000)
  from space 13824K, 99% used [0x0000000778300000,0x000000077907ad60,0x0000000779080000)
  to   space 10752K, 0% used [0x0000000772b00000,0x0000000772b00000,0x0000000773580000)
 ParOldGen       total 83968K, used 7440K [0x00000006c1200000, 0x00000006c6400000, 0x000000076b100000)
  object space 83968K, 8% used [0x00000006c1200000,0x00000006c1944098,0x00000006c6400000)
 Metaspace       used 34809K, capacity 35144K, committed 35456K, reserved 1081344K
  class space    used 4289K, capacity 4369K, committed 4480K, reserved 1048576K
Event: 4.548 GC heap after
Heap after GC invocations=8 (full 2):
 PSYoungGen      total 138752K, used 0K [0x000000076b100000, 0x0000000779080000, 0x00000007c0000000)
  eden space 124928K, 0% used [0x000000076b100000,0x000000076b100000,0x0000000772b00000)
  from space 13824K, 0% used [0x0000000778300000,0x0000000778300000,0x0000000779080000)
  to   space 10752K, 0% used [0x0000000772b00000,0x0000000772b00000,0x0000000773580000)
 ParOldGen       total 83968K, used 19255K [0x00000006c1200000, 0x00000006c6400000, 0x000000076b100000)
  object space 83968K, 22% used [0x00000006c1200000,0x00000006c24cde68,0x00000006c6400000)
 Metaspace       used 34808K, capacity 35142K, committed 35456K, reserved 1081344K
  class space    used 4288K, capacity 4368K, committed 4480K, reserved 1048576K
}

